  -5034.02881       0.00000000       0.00000000    
  -4957.05078       0.00000000       0.00000000    
  -4880.11328       0.00000000       0.00000000    
  -4803.21533       4.83002185E-19   4.83002185E-19
  -4726.35791       4.83065206E-19   4.83065206E-19
  -4649.54004       0.00000000       0.00000000    
  -4572.76270       4.84369566E-19   4.84369566E-19
  -4496.02539       0.00000000       0.00000000    
  -4419.32764       4.87864508E-19   4.87864508E-19
  -4342.67041       0.00000000       0.00000000    
  -4266.05273       4.84179625E-19   4.84179625E-19
  -4189.47510       4.85058608E-19   4.85058608E-19
  -4112.93701       4.84617824E-19   4.84617824E-19
  -4036.43896       1.44665752E-18   8.35236525E-19
  -3959.98071       9.62709855E-18   2.15268481E-18
  -3883.56226       1.83166971E-17   2.97136842E-18
  -3807.18335       2.27004201E-17   3.31124576E-18
  -3730.84424       2.75270868E-17   3.64606242E-18
  -3654.54492       4.35353230E-17   4.58906734E-18
  -3578.28516       5.32663485E-17   5.07878887E-18
  -3502.06494       5.18359282E-17   5.01119250E-18
  -3425.88428       6.11706151E-17   5.44958830E-18
  -3349.74341       7.81812601E-17   6.16158277E-18
  -3273.64185       8.21678737E-17   6.32066490E-18
  -3197.57983       1.01729934E-16   7.03686848E-18
  -3121.55713       1.08143820E-16   7.25817156E-18
  -3045.57397       1.21409256E-16   7.69403618E-18
  -2969.63013       1.40562576E-16   8.28276213E-18
  -2893.72583       1.35284410E-16   8.12847806E-18
  -2817.86060       1.47276755E-16   8.48893773E-18
  -2742.03491       1.65930657E-16   9.01215511E-18
  -2666.24829       1.81830247E-16   9.44020701E-18
  -2590.50098       1.74713079E-16   9.25983532E-18
  -2514.79297       2.11202557E-16   1.01851353E-17
  -2439.12402       2.28109202E-16   1.05897722E-17
  -2363.49438       2.30372103E-16   1.06490091E-17
  -2287.90381       2.61157225E-16   1.13439955E-17
  -2212.35229       2.68751219E-16   1.15120968E-17
  -2136.83960       3.04141765E-16   1.22542920E-17
  -2061.36621       3.01946705E-16   1.22155038E-17
  -1985.93176       3.00788599E-16   1.21986376E-17
  -1910.53625       3.70381567E-16   1.35425406E-17
  -1835.17969       3.81739168E-16   1.37569839E-17
  -1759.86206       3.81421292E-16   1.37544461E-17
  -1684.58325       4.30083017E-16   1.46148521E-17
  -1609.34326       4.55878691E-16   1.50544837E-17
  -1534.14221       4.87116842E-16   1.55683729E-17
  -1458.97986       5.05746538E-16   1.58745406E-17
  -1383.85620       5.26579313E-16   1.62044268E-17
  -1308.77136       5.90438186E-16   1.71665520E-17
  -1233.72522       6.01743270E-16   1.73420186E-17
  -1158.71777       5.90647615E-16   1.71871770E-17
  -1083.74890       6.19217772E-16   1.76059620E-17
  -1008.81860       6.23643836E-16   1.76818426E-17
  -933.926880       6.59550886E-16   1.81880457E-17
  -859.073792       6.32678078E-16   1.78237156E-17
  -784.259155       6.40438859E-16   1.79429322E-17
  -709.483032       6.56584948E-16   1.81755039E-17
  -634.745300       6.55654323E-16   1.81706368E-17
  -560.046082       6.34237095E-16   1.78818482E-17
  -485.385223       6.57698743E-16   1.82203140E-17
  -410.762726       6.46262369E-16   1.80636261E-17
  -336.178589       6.21096279E-16   1.77239477E-17
  -261.632751       6.55071829E-16   1.82105483E-17
  -187.125183       6.20520773E-16   1.77292185E-17
  -112.655869       6.74604832E-16   1.84979886E-17
  -38.2247772       6.19316874E-16   1.77310201E-17
   36.1681213       5.94623429E-16   1.73840129E-17
   110.522865       6.12272737E-16   1.76454499E-17
   184.839462       5.60043838E-16   1.68860005E-17
   259.117981       5.73400065E-16   1.70955237E-17
   333.358398       5.52722350E-16   1.67877827E-17
   407.560791       5.68208812E-16   1.70318291E-17
   481.725159       5.41557979E-16   1.66338692E-17
   555.851562       5.56677623E-16   1.68768056E-17
   629.940002       5.35485177E-16   1.65570407E-17
   703.990479       5.31319945E-16   1.64993961E-17
   778.003113       5.27471292E-16   1.64514130E-17
   851.977844       5.45422038E-16   1.67367672E-17
   925.914734       5.11634423E-16   1.62117904E-17
   999.813782       5.05302322E-16   1.61248769E-17
   1073.67505       4.77992921E-16   1.56909330E-17
   1147.49866       5.20352509E-16   1.63733785E-17
   1221.28442       4.62280354E-16   1.54437515E-17
   1295.03259       4.86420899E-16   1.58485076E-17
   1368.74304       4.36339547E-16   1.50194641E-17
   1442.41589       3.97370155E-16   1.43389013E-17
   1516.05115       3.66003836E-16   1.37650481E-17
   1589.64868       3.54936822E-16   1.35614905E-17
   1663.20886       3.22739352E-16   1.29407063E-17
   1736.73132       3.08521322E-16   1.26588288E-17
   1810.21643       2.96164885E-16   1.24050374E-17
   1883.66406       2.70492957E-16   1.18619594E-17
   1957.07422       2.60884718E-16   1.16555324E-17
   2030.44702       2.55222065E-16   1.15298224E-17
   2103.78247       2.37744202E-16   1.11334598E-17
   2177.08032       1.96907883E-16   1.01413187E-17
   2250.34106       2.16222352E-16   1.06268191E-17
   2323.56445       1.74111950E-16   9.54134390E-18
   2396.75073       1.80011482E-16   9.70564596E-18
   2469.89966       1.82231184E-16   9.76869119E-18
   2543.01123       1.60420999E-16   9.17072977E-18
   2616.08569       1.48929594E-16   8.83740907E-18
   2689.12305       1.36488401E-16   8.46471871E-18
   2762.12329       1.39808082E-16   8.57225219E-18
   2835.08667       1.24091200E-16   8.07771564E-18
   2908.01270       1.16848327E-16   7.84243156E-18
   2980.90161       1.02709376E-16   7.35524699E-18
   3053.75366       9.47692093E-17   7.06374689E-18
   3126.56885       9.59705402E-17   7.11388396E-18
   3199.34692       9.54700430E-17   7.09630472E-18
   3272.08813       7.92000290E-17   6.46672887E-18
   3344.79224       7.92979606E-17   6.47471654E-18
   3417.45972       7.08458423E-17   6.12022167E-18
   3490.09033       6.50794472E-17   5.86808130E-18
   3562.68408       6.67222940E-17   5.94416538E-18
   3635.24097       5.98884587E-17   5.63389117E-18
   3707.76123       5.40865444E-17   5.35543322E-18
   3780.24463       4.77575076E-17   5.03413063E-18
   3852.69141       5.36363728E-17   5.33707974E-18
   3925.10156       4.03656099E-17   4.63031222E-18
   3997.47510       3.88059344E-17   4.54193625E-18
   4069.81177       4.10104038E-17   4.67361223E-18
   4142.11230       3.67788058E-17   4.42769309E-18
   4214.37598       3.14410325E-17   4.09330533E-18
   4286.60303       3.14514054E-17   4.09465115E-18
   4358.79346       3.04332684E-17   4.03101697E-18
   4430.94775       2.88321777E-17   3.92358482E-18
   4503.06543       2.35118347E-17   3.54456653E-18
   4575.14697       2.72866089E-17   3.82091020E-18
   4647.19189       2.51653240E-17   3.67075790E-18
   4719.20020       3.05467014E-17   4.04603361E-18
   4791.17236       1.98550197E-17   3.26415975E-18
   4863.10840       2.03868687E-17   3.30720147E-18
   4935.00781       2.57809483E-17   3.72118945E-18
   5006.87109       2.03788848E-17   3.30592100E-18
   5078.69824       1.56113268E-17   2.89896633E-18
   5150.48926       1.82773878E-17   3.13457467E-18
   5222.24365       2.15534052E-17   3.40790678E-18
   5293.96240       2.21023090E-17   3.45182097E-18
   5365.64453       2.20973823E-17   3.45106369E-18
   5437.29102       2.21436879E-17   3.45828167E-18
   5508.90137       1.45729223E-17   2.80457179E-18
   5580.47559       1.67442763E-17   3.00738510E-18
   5652.01367       1.56887062E-17   2.91335700E-18
   5723.51611       1.19062152E-17   2.53842912E-18
   5794.98242       2.00373849E-17   3.29415187E-18
   5866.41260       1.62776406E-17   2.97188809E-18
   5937.80713       1.13946429E-17   2.48653718E-18
   6009.16553       1.24844385E-17   2.60320687E-18
   6080.48828       1.08797544E-17   2.43279360E-18
   6151.77539       7.61720020E-18   2.03579447E-18
   6223.02637       1.25084929E-17   2.60822641E-18
   6294.24170       1.25366170E-17   2.61408119E-18
   6365.42139       1.30834206E-17   2.67067027E-18
   6436.56494       1.47300436E-17   2.83482861E-18
   6507.67334       1.03694998E-17   2.37896069E-18
   6578.74561       9.83860201E-18   2.31900167E-18
   6649.78271       8.19442338E-18   2.11580228E-18
   6720.78369       1.20647676E-17   2.57224095E-18
   6791.74951       7.67194715E-18   2.05042668E-18
   6862.67969       7.12204493E-18   1.97531723E-18
