   686.375183       13432.9336       0.00000000    
   685.709290       13142.3086       4.24492266E-03
   685.044556       12851.8896       0.00000000    
   684.381165       12561.7627       0.00000000    
   683.719116       12271.9092       0.00000000    
   683.058289       11982.2822       8.50417931E-03
   682.398682       11692.8965       0.00000000    
   681.740417       11403.7939       3.41869891E-02
   681.083435       11114.9590       2.56348271E-02
   680.427673       10826.3545       2.55996268E-02
   679.773132       10537.9932       1.70729421E-02
   679.119934       10249.9297       5.54800257E-02
   678.467896       9962.08496       3.42270844E-02
   677.817261       9674.56543       3.84961776E-02
   677.167786       9387.26172       4.71332036E-02
   676.519531       9100.20703       6.43948689E-02
   675.872559       8813.42578       7.72189870E-02
   675.226746       8526.86914       9.02808979E-02
   674.582275       8240.62305      0.163353130    
   673.938965       7954.59766      0.133418620    
   673.296936       7668.85791      0.185151979    
   672.656067       7383.35645      0.211359754    
   672.016418       7098.10596      0.254585952    
   671.377991       6813.11914      0.233187526    
   670.740845       6528.42139      0.319790781    
   670.104797       6243.93213      0.423591644    
   669.470032       5959.73730      0.341912568    
   668.836365       5675.75732      0.515237987    
   668.204041       5392.08789      0.606555760    
   667.572815       5108.64941      0.629038155    
   666.942810       4825.47656      0.698898435    
   666.313965       4542.55078      0.860529006    
   665.686401       4259.91797      0.987306476    
   665.059937       3977.51733       1.26707077    
   664.434692       3695.39429       1.71742249    
   663.810608       3413.51978       2.21676636    
   663.187683       3131.89697       2.96104264    
   662.565918       2850.52954       3.74833655    
   661.945312       2569.41968       4.91072416    
   661.325928       2288.59180       6.05261946    
   660.707642       2008.00610       7.86148024    
   660.090576       1727.69788       9.72428799    
   659.474609       1447.62708       12.4684992    
   658.859802       1167.82898       15.6259937    
   658.246094       888.252258       16.7957287    
   657.633545       608.954163       17.5095520    
   657.022217       329.948303       17.9656944    
   656.411926       51.1617050       19.4056187    
   655.802795      -227.359329       20.7269650    
   655.194763      -505.633698       20.9032440    
   654.587952      -783.614929       20.7723083    
   653.982117      -1061.39856       20.4544106    
   653.377563      -1338.83923       18.4582539    
   652.774048      -1616.06580       15.1497564    
   652.171631      -1893.04236       11.9135828    
   651.570374      -2169.74438       9.48130989    
   650.970154      -2446.20142       7.58325052    
   650.371094      -2722.38965       5.57061577    
   649.773193      -2998.29443       4.33119822    
   649.176270      -3273.97974       3.01858211    
   648.580505      -3549.38745       1.90246654    
   647.985840      -3824.53638      0.927145958    
   647.392334      -4099.39111      0.140562832    
   646.799744      -4374.07080       8.87309760E-03
   646.208313      -4648.45068       1.33854849E-02
   645.617981      -4922.57275       4.45699412E-03
   645.028687      -5196.44482       0.00000000    
   644.440552      -5470.01904       0.00000000    
   643.853455      -5743.35059       0.00000000    
   643.267334      -6016.46924       0.00000000    
   642.682373      -6289.29297       0.00000000    
   642.098450      -6561.86475       0.00000000    
   641.515625      -6834.14941       0.00000000    
   640.933838      -7106.19873       0.00000000    
   640.353088      -7378.00000       0.00000000    
   639.773315      -7649.56104       0.00000000    
   639.194702      -7920.82324       0.00000000    
   638.617126      -8191.82959       0.00000000    
   638.040588      -8462.58789       0.00000000    
   637.465027      -8733.10742       0.00000000    
   636.890564      -9003.34180       0.00000000    
   636.317078      -9273.34277       0.00000000    
   635.744690      -9543.06250       0.00000000    
   635.173340      -9812.52246       0.00000000    
   634.602966      -10081.7314       0.00000000    
   634.033630      -10350.6846       0.00000000    
   633.465332      -10619.3848       0.00000000    
   632.898010      -10887.8232       0.00000000    
   632.331726      -11156.0127       0.00000000    
   631.766479      -11423.9277       0.00000000    
   631.202209      -11691.5986       0.00000000    
   630.638977      -11958.9883       0.00000000    
   630.076721      -12226.1416       0.00000000    
   629.515442      -12493.0566       0.00000000    
   628.955261      -12759.6611       0.00000000    
   628.395935      -13026.0781       0.00000000    
   627.837646      -13292.2031       0.00000000    
   627.280396      -13558.0674       0.00000000    
   626.724182      -13823.6455       0.00000000    
