 number of species           2
 area weight  0.250000000    
 volume weight  0.161390483    
 area weight  0.750000000    
 volume weight  0.838609457    
 species           1 min grain radius  0.119999997    
 species           1 max grain radius  0.119999997    
 species           1 power law index for grain distriution   0.00000000    
 species           2 min grain radius  0.119999997    
 species           2 max grain radius  0.119999997    
 species           2 power law index for grain distriution   0.00000000    
 number of species           2
 area weight  0.250000000    
 volume weight  0.161390483    
 area weight  0.750000000    
 volume weight  0.838609457    
 species           1 min grain radius  0.119999997    
 species           1 max grain radius  0.119999997    
 species           1 power law index for grain distriution   0.00000000    
 species           2 min grain radius  0.119999997    
 species           2 max grain radius  0.119999997    
 species           2 power law index for grain distriution   0.00000000    
 number of species           2
 area weight  0.250000000    
 volume weight  0.161390483    
 area weight  0.750000000    
 volume weight  0.838609457    
 species           1 min grain radius  0.119999997    
 species           1 max grain radius  0.119999997    
 species           1 power law index for grain distriution   0.00000000    
 species           2 min grain radius  0.119999997    
 species           2 max grain radius  0.119999997    
 species           2 power law index for grain distriution   0.00000000    
 number of species           2
 area weight  0.250000000    
 volume weight  0.161390483    
 area weight  0.750000000    
 volume weight  0.838609457    
 species           1 min grain radius  0.119999997    
 species           1 max grain radius  0.119999997    
 species           1 power law index for grain distriution   0.00000000    
 species           2 min grain radius  0.119999997    
 species           2 max grain radius  0.119999997    
 species           2 power law index for grain distriution   0.00000000    
 number of species           2
 area weight  0.250000000    
 volume weight  0.161390483    
 area weight  0.750000000    
 volume weight  0.838609457    
 species           1 min grain radius  0.119999997    
 species           1 max grain radius  0.119999997    
 species           1 power law index for grain distriution   0.00000000    
 species           2 min grain radius  0.119999997    
 species           2 max grain radius  0.119999997    
 species           2 power law index for grain distriution   0.00000000    
 number of species           2
 area weight  0.250000000    
 volume weight  0.161390483    
 area weight  0.750000000    
 volume weight  0.838609457    
 species           1 min grain radius  0.119999997    
 species           1 max grain radius  0.119999997    
 species           1 power law index for grain distriution   0.00000000    
 species           2 min grain radius  0.119999997    
 species           2 max grain radius  0.119999997    
 species           2 power law index for grain distriution   0.00000000    
 number of species           2
 area weight  0.250000000    
 volume weight  0.161390483    
 area weight  0.750000000    
 volume weight  0.838609457    
 species           1 min grain radius  0.119999997    
 species           1 max grain radius  0.119999997    
 species           1 power law index for grain distriution   0.00000000    
 species           2 min grain radius  0.119999997    
 species           2 max grain radius  0.119999997    
 species           2 power law index for grain distriution   0.00000000    
 number of species           2
 area weight  0.250000000    
 volume weight  0.161390483    
 area weight  0.750000000    
 volume weight  0.838609457    
 species           1 min grain radius  0.119999997    
 species           1 max grain radius  0.119999997    
 species           1 power law index for grain distriution   0.00000000    
 species           2 min grain radius  0.119999997    
 species           2 max grain radius  0.119999997    
 species           2 power law index for grain distriution   0.00000000    
 number of species           2
 area weight  0.250000000    
 volume weight  0.161390483    
 area weight  0.750000000    
 volume weight  0.838609457    
 species           1 min grain radius  0.119999997    
 species           1 max grain radius  0.119999997    
 species           1 power law index for grain distriution   0.00000000    
 species           2 min grain radius  0.119999997    
 species           2 max grain radius  0.119999997    
 species           2 power law index for grain distriution   0.00000000    
