   13432.9336       0.00000000             163   6933.57422    
   13142.3086      0.966946006             163   6933.57422    
   12851.8896       0.00000000             163   6933.57422    
   12561.7627       0.00000000             163   6933.57422    
   12271.9092       0.00000000             163   6933.57422    
   11982.2822       1.93715715             163   6933.57422    
   11692.8965       0.00000000             163   6933.57422    
   11403.7939       7.78741455             163   6933.57422    
   11114.9590       5.83932781             163   6933.57422    
   10826.3545       5.83130932             163   6933.57422    
   10537.9932       3.88902569             163   6933.57422    
   10249.9297       12.6377306             163   6933.57422    
   9962.08496       7.79654837             163   6933.57422    
   9674.56543       8.76900005             163   6933.57422    
   9387.26172       10.7364178             163   6933.57422    
   9100.20703       14.6684332             163   6933.57422    
   8813.42578       17.5896244             163   6933.57422    
   8526.86914       20.5649815             163   6933.57422    
   8240.62305       37.2100220             163   6933.57422    
   7954.59766       30.3912716             163   6933.57422    
   7668.85791       42.1755562             163   6933.57422    
   7383.35645       48.1453934             163   6933.57422    
   7098.10596       57.9918404             163   6933.57422    
   6813.11914       53.1175156             161   6791.74951    
   6528.42139       72.8447723             157   6507.67334    
   6243.93213       96.4894485             153   6223.02637    
   5959.73730       77.8838654             149   5937.80713    
   5675.75732       117.365471             145   5652.01367    
   5392.08789       138.166641             141   5365.64453    
   5108.64941       143.287872             137   5078.69824    
   4825.47656       159.201263             133   4791.17236    
   4542.55078       196.018906             129   4503.06543    
   4259.91797       224.897400             125   4214.37598    
   3977.51733       288.624573             121   3925.10156    
   3695.39429       391.209686             117   3635.24097    
   3413.51978       504.954620             113   3344.79224    
   3131.89697       674.492493             110   3126.56885    
   2850.52954       853.829224             106   2835.08667    
   2569.41968       1118.60815             102   2543.01123    
   2288.59180       1378.71924              98   2250.34106    
   2008.00610       1790.75745              94   1957.07422    
   1727.69788       2215.08423              90   1663.20886    
   1447.62708       2840.18506              87   1442.41589    
   1167.82898       3559.42700              83   1147.49866    
   888.252258       3825.87939              79   851.977844    
   608.954163       3988.48071              75   555.851562    
   329.948303       4092.38477              71   259.117981    
   51.1617050       4420.38330              68   36.1681213    
  -227.359329       4721.37158              64  -261.632751    
  -505.633698       4761.52588              60  -560.046082    
  -783.614929       4731.70020              57  -784.259155    
  -1061.39856       4659.28662              53  -1083.74890    
  -1338.83923       4204.58447              49  -1383.85620    
  -1616.06580       3450.94556              45  -1684.58325    
  -1893.04236       2713.78125              42  -1910.53625    
  -2169.74438       2159.73657              38  -2212.35229    
  -2446.20142       1727.37988              34  -2514.79297    
  -2722.38965       1268.92407              31  -2742.03491    
  -2998.29443       986.598633              27  -3045.57397    
  -3273.97974       687.599304              23  -3349.74341    
  -3549.38745       433.360657              20  -3578.28516    
  -3824.53638       211.193512              16  -3883.56226    
  -4099.39111       32.0186462              13  -4112.93701    
  -4374.07080       2.02119255               9  -4419.32764    
  -4648.45068       3.04906416               6  -4649.54004    
  -4922.57275       1.01525354               2  -4957.05078    
